Running SLURM prolog script on gold51.cluster.local
===============================================================================
Job started on Mon Apr  8 10:54:51 BST 2024
Job ID          : 5797466
Job name        : py_serial.slurm
WorkDir         : /mainfs/home/tc2m23/Filtering/Proof_of_principle/scripts_calibration
Command         : /mainfs/home/tc2m23/Filtering/Proof_of_principle/scripts_calibration/py_serial.slurm
Partition       : serial
Num hosts       : 1
Num cores       : 1
Num of tasks    : 1
Hosts allocated : gold51
Job Output Follows ...
===============================================================================
DeprecationWarning: 'source deactivate' is deprecated. Use 'conda deactivate'.
================================================
Starting job on data from /scratch/tc2m23/KHIRandom/hydro/new_data/800X800/ET10/pickled/50dx_data/rHD2d_cg=fw=bl=8dx.pickle
================================================


Dependent var: eta, Explanatory vars: ['det_shear', 'Q1', 'Q2']

Residuals and closure ingredient for model check: pi_res_sq, shear_sq

Trimming the dataset
Pre-processing dataset
regression coeffs: [-1.6437584434006427, 0.1485971230179958, 0.045456745458183234, -0.1324133697499324]

finished plot, now making it nice

Finished plot, now saving...


================================================
Starting job on data from /scratch/tc2m23/KHIRandom/hydro/new_data/800X800/ET10/pickled/50dx_data/rHD2d_cg=fw=bl=8dx.pickle
================================================


Producing scatter plot for the vars: ['eta', 'shear_sq', 'vort_sq', 'det_shear', 'T_tilde', 'n_tilde', 'Q1', 'Q2']

The string for building weights nope does not match any of the implemented routines.

Trimming the dataset
Pre-processing dataset
Finished producing correlation plot for ['eta', 'shear_sq', 'vort_sq', 'det_shear', 'T_tilde', 'n_tilde', 'Q1', 'Q2'], saved as /Correlation_eta_shear_sq_vort_sq_det_shear_T_tilde_n_tilde_Q1_Q2.png

================================================
Starting job on data from /scratch/tc2m23/KHIRandom/hydro/new_data/800X800/ET10/pickled/50dx_data/rHD2d_cg=fw=bl=8dx.pickle
================================================


Trying to reduce the following list to a smaller subset: ['det_shear', 'shear_sq', 'vort_sq', 'Q1', 'Q2']

Trimming the dataset
Pre-processing dataset
================================================
Starting job on data from /scratch/tc2m23/KHIRandom/hydro/new_data/800X800/ET10/pickled/50dx_data/rHD2d_cg=fw=bl=8dx.pickle
================================================


Dependent var: eta, Explanatory vars: ['n_tilde', 'T_tilde', 'det_shear', 'shear_sq', 'vort_sq', 'Q1', 'Q2']

Trimming the dataset
Pre-processing dataset
Preprocess_data dictionary is not compatible with list_of_arrays. Exiting
Scores of dependent var on principal components: 
[-7.54696541e-12 -1.00000000e+00  1.46146095e-05  6.69383333e-07
 -3.16436543e-06  7.72403240e-06 -2.46691513e-14  8.40274830e-21]

0-th highest PCs decomposition: 
[-1.00000000e+00  1.46367506e-05 -7.10101218e-07 -7.54696540e-12
  7.60710509e-06 -1.16321035e-07  3.32993677e-06 -6.61620063e-14]
Corresponding score: -0.9999999998581457

n_tilde-rescaled coefficient: 1.4636750621041325e-05

T_tilde-rescaled coefficient: -7.101012176048021e-07

det_shear-rescaled coefficient: -7.546965400152193e-12

shear_sq-rescaled coefficient: 7.6071050879069935e-06

vort_sq-rescaled coefficient: -1.1632103527774598e-07

Q1-rescaled coefficient: 3.3299367747304493e-06

Q2-rescaled coefficient: -6.616200627999648e-14


Producing correlation plot using info from PCA
Extracting randomly from dataset
Traceback (most recent call last):
  File "/mainfs/home/tc2m23/Filtering/Proof_of_principle/scripts_calibration/hunting_correlations.py", line 111, in <module>
    new_data = statistical_tool.extract_randomly([x,y], extractions)
  File "/mainfs/home/tc2m23/Filtering/Proof_of_principle/scripts_calibration/../../master_files/Analysis.py", line 376, in extract_randomly
    selected_indices = random.sample(available_indices, num_extractions)
  File "/home/tc2m23/.conda/envs/myenv/lib/python3.10/random.py", line 482, in sample
    raise ValueError("Sample larger than population or is negative")
ValueError: Sample larger than population or is negative
================================================
Starting job on data from /scratch/tc2m23/KHIRandom/hydro/new_data/800X800/ET10/pickled/50dx_data/rHD2d_cg=fw=bl=8dx.pickle
================================================


Dependent var: eta, Explanatory vars: ['vort_sq', 'det_shear', 'n_tilde', 'T_tilde']

The string for building weights no_weights does not match any of the implemented routines.

Trimming the dataset
Pre-processing dataset
Centralizing the dataset
Splitting dataset into training and test set
regression coeffs: [0.16266840064158283, 0.21363488531182281, 0.3895166980016922, 0.3895409159101455]

Corresponding std errors: None

Finished regression and scatter plot for eta, saved as /Regress_eta_vs_det_shear_n_tilde_T_tilde.png


==============================================================================
Running epilogue script on gold51.

Submit time  : 2024-04-08T10:54:51
Start time   : 2024-04-08T10:54:51
End time     : 2024-04-08T10:58:41
Elapsed time : 00:03:50 (Timelimit=00:10:00)

Job ID: 5797466
Cluster: i5
User/Group: tc2m23/pj
State: COMPLETED (exit code 0)
Cores: 1
CPU Utilized: 00:03:18
CPU Efficiency: 86.09% of 00:03:50 core-walltime
Job Wall-clock time: 00:03:50
Memory Utilized: 4.14 GB
Memory Efficiency: 17.92% of 23.07 GB

